<?xml version="1.0" encoding="UTF-8"?>
<!-- Generated by org.testng.reporters.JUnitXMLReporter -->
<testsuite hostname="DESKTOP-S34TT7V" name="Surefire test" tests="11" failures="0" timestamp="23 May 2019 17:58:48 GMT" time="0.067" errors="0">
  <testcase name="Demo" time="0.011" classname="qaclickacademy.Day1Test"/>
  <testcase name="SecondTest" time="0.0" classname="qaclickacademy.Day1Test"/>
  <testcase name="SecondTest" time="0.001" classname="qaclickacademy.Day2Test"/>
  <testcase name="APICarLoan" time="0.001" classname="qaclickacademy.Day3Test"/>
  <testcase name="MobileLoginCarLoan" time="0.001" classname="qaclickacademy.Day3Test"/>
  <testcase name="MobileSigninCarLoan" time="0.0" classname="qaclickacademy.Day3Test"/>
  <testcase name="MobileSignoutCarLoan" time="0.001" classname="qaclickacademy.Day3Test"/>
  <testcase name="WebLoginCarLoan" time="0.001" classname="qaclickacademy.Day3Test"/>
  <testcase name="LoginAPIHomeLoan" time="0.002" classname="qaclickacademy.Day4Test"/>
  <testcase name="MobileLoginHomeLoan" time="0.0" classname="qaclickacademy.Day4Test"/>
  <testcase name="WebLoginHomeLoan" time="0.001" classname="qaclickacademy.Day4Test"/>
</testsuite> <!-- Surefire test -->
