<?xml version="1.0" encoding="UTF-8"?>
<!-- Generated by org.testng.reporters.JUnitXMLReporter -->
<testsuite hostname="DESKTOP-S34TT7V" name="Command line test" tests="12" failures="0" timestamp="27 May 2019 10:39:50 GMT" time="0.065" errors="0">
  <testcase name="Demo" time="0.013" classname="qaclickacademy.Day1Test"/>
  <testcase name="SecondTest" time="0.001" classname="qaclickacademy.Day1Test"/>
  <testcase name="Ploan" time="0.001" classname="qaclickacademy.Day2Test"/>
  <testcase name="SecondTest" time="0.002" classname="qaclickacademy.Day2Test"/>
  <testcase name="APICarLoan" time="0.002" classname="qaclickacademy.Day3Test"/>
  <testcase name="MobileLoginCarLoan" time="0.001" classname="qaclickacademy.Day3Test"/>
  <testcase name="MobileSigninCarLoan" time="0.003" classname="qaclickacademy.Day3Test"/>
  <testcase name="MobileSignoutCarLoan" time="0.001" classname="qaclickacademy.Day3Test"/>
  <testcase name="WebLoginCarLoan" time="0.0" classname="qaclickacademy.Day3Test"/>
  <testcase name="LoginAPIHomeLoan" time="0.001" classname="qaclickacademy.Day4Test"/>
  <testcase name="MobileLoginHomeLoan" time="0.0" classname="qaclickacademy.Day4Test"/>
  <testcase name="WebLoginHomeLoan" time="0.001" classname="qaclickacademy.Day4Test"/>
</testsuite> <!-- Command line test -->
